0 info it worked if it ends with ok
1 verbose cli [ 'D:\\node.js\\node.exe',
1 verbose cli   'D:\\node.js\\node_modules\\npm\\bin\\npm-cli.js',
1 verbose cli   'start' ]
2 info using npm@3.10.10
3 info using node@v6.11.4
4 verbose run-script [ 'prestart', 'start', 'poststart' ]
5 info lifecycle abc@0.0.0~prestart: abc@0.0.0
6 silly lifecycle abc@0.0.0~prestart: no script for prestart, continuing
7 info lifecycle abc@0.0.0~start: abc@0.0.0
8 verbose lifecycle abc@0.0.0~start: unsafe-perm in lifecycle true
9 verbose lifecycle abc@0.0.0~start: PATH: D:\node.js\node_modules\npm\bin\node-gyp-bin;C:\Users\WebstormProjects\myBlog\node_modules\.bin;C:\ProgramData\Oracle\Java\javapath;C:\Program Files (x86)\Lenovo\FusionEngine;C:\WINDOWS\system32;C:\WINDOWS;C:\WINDOWS\System32\Wbem;C:\WINDOWS\System32\WindowsPowerShell\v1.0\;C:\Program Files (x86)\ATI Technologies\ATI.ACE\Core-Static;C:\Program Files (x86)\Microsoft SQL Server\100\Tools\Binn\;C:\Program Files\Microsoft SQL Server\100\Tools\Binn\;C:\Program Files\Microsoft SQL Server\100\DTS\Binn\;C:\Program Files (x86)\Microsoft SQL Server\100\Tools\Binn\VSShell\Common7\IDE\;C:\Program Files (x86)\Microsoft SQL Server\100\DTS\Binn\;C:\Program Files (x86)\Microsoft SQL Server\90\Tools\binn\;D:\Git\cmd;D:\node.js\;C:\Program Files\Intel\WiFi\bin\;C:\Program Files\Common Files\Intel\WirelessCommon\;C:\Ruby24\bin;C:\Program Files (x86)\Microsoft Visual Studio\Common\Tools\WinNT;C:\Program Files (x86)\Microsoft Visual Studio\Common\MSDev98\Bin;C:\Program Files (x86)\Microsoft Visual Studio\Common\Tools;C:\Program Files (x86)\Microsoft Visual Studio\VC98\bin;C:\Users\晨\AppData\Local\Microsoft\WindowsApps;C:\Users\晨\AppData\Roaming\npm;D:\Microsoft VS Code\bin;
10 verbose lifecycle abc@0.0.0~start: CWD: C:\Users\WebstormProjects\myBlog
11 silly lifecycle abc@0.0.0~start: Args: [ '/d /s /c', 'node ./bin/www' ]
12 silly lifecycle abc@0.0.0~start: Returned: code: 1  signal: null
13 info lifecycle abc@0.0.0~start: Failed to exec start script
14 verbose stack Error: abc@0.0.0 start: `node ./bin/www`
14 verbose stack Exit status 1
14 verbose stack     at EventEmitter.<anonymous> (D:\node.js\node_modules\npm\lib\utils\lifecycle.js:255:16)
14 verbose stack     at emitTwo (events.js:106:13)
14 verbose stack     at EventEmitter.emit (events.js:191:7)
14 verbose stack     at ChildProcess.<anonymous> (D:\node.js\node_modules\npm\lib\utils\spawn.js:40:14)
14 verbose stack     at emitTwo (events.js:106:13)
14 verbose stack     at ChildProcess.emit (events.js:191:7)
14 verbose stack     at maybeClose (internal/child_process.js:920:16)
14 verbose stack     at Process.ChildProcess._handle.onexit (internal/child_process.js:230:5)
15 verbose pkgid abc@0.0.0
16 verbose cwd C:\Users\WebstormProjects\myBlog
17 error Windows_NT 10.0.16299
18 error argv "D:\\node.js\\node.exe" "D:\\node.js\\node_modules\\npm\\bin\\npm-cli.js" "start"
19 error node v6.11.4
20 error npm  v3.10.10
21 error code ELIFECYCLE
22 error abc@0.0.0 start: `node ./bin/www`
22 error Exit status 1
23 error Failed at the abc@0.0.0 start script 'node ./bin/www'.
23 error Make sure you have the latest version of node.js and npm installed.
23 error If you do, this is most likely a problem with the abc package,
23 error not with npm itself.
23 error Tell the author that this fails on your system:
23 error     node ./bin/www
23 error You can get information on how to open an issue for this project with:
23 error     npm bugs abc
23 error Or if that isn't available, you can get their info via:
23 error     npm owner ls abc
23 error There is likely additional logging output above.
24 verbose exit [ 1, true ]
